<?xml version="1.0" encoding="UTF-8"?>
<!-- Generated by org.testng.reporters.JUnitXMLReporter -->
<testsuite ignored="0" hostname="DESKTOP-6J8TP4T" failures="1" tests="3" name="Test" time="1.099" errors="0" timestamp="24 Mar 2025 07:45:23 GMT">
  <testcase classname="com.app.extend.Test_Sample" name="test1" time="0.066">
    <failure type="java.lang.AssertionError" message="expected [true] but found [false]">
      <![CDATA[java.lang.AssertionError: expected [true] but found [false]
	at com.app.extend.Test_Sample.test1(Test_Sample.java:15)
... Removed 27 stack frames]]>
    </failure>
  </testcase> <!-- test1 -->
  <testcase classname="com.app.extend.Test_Sample" name="test2" time="0.006"/>
  <testcase classname="com.app.extend.Test_Sample" name="test3" time="0.001"/>
</testsuite> <!-- Test -->
